<?xml version="1.0" encoding="UTF-8"?>
<!-- Generated by org.testng.reporters.JUnitReportReporter -->
<testsuite skipped="0" hostname="DESKTOP-22RJQM3" name="tests.ThirdAPITest" tests="1" failures="0" timestamp="02 May 2019 19:11:06 GMT" time="2.594" errors="0">
  <testcase name="testGoogleGetPlaceAPI" time="2.594" classname="tests.ThirdAPITest"/>
</testsuite> <!-- tests.ThirdAPITest -->
