<?xml version="1.0" encoding="UTF-8"?>
<!-- Generated by org.testng.reporters.JUnitReportReporter -->
<testsuite skipped="0" hostname="DESKTOP-22RJQM3" name="tests.SecondAPITest" tests="1" failures="0" timestamp="02 May 2019 20:35:10 GMT" time="3.592" errors="0">
  <testcase name="testGoogleGetPlaceAPI" time="3.592" classname="tests.SecondAPITest"/>
</testsuite> <!-- tests.SecondAPITest -->
