<?xml version="1.0" encoding="UTF-8"?>
<!-- Generated by org.testng.reporters.JUnitReportReporter -->
<testsuite skipped="0" hostname="DESKTOP-22RJQM3" name="tests.SecondAPITest" tests="1" failures="0" timestamp="02 May 2019 21:38:31 GMT" time="4.126" errors="0">
  <testcase name="testGoogleGetPlaceAPI" time="4.126" classname="tests.SecondAPITest"/>
</testsuite> <!-- tests.SecondAPITest -->
